2026-01-14 00:42:32.913 | INFO     | __main__:__init__:7 - Hello, info!
2026-01-14 00:42:32.913 | SUCCESS  | __main__:__init__:8 - Hello, success
2026-01-14 00:42:32.913 | WARNING  | __main__:__init__:9 - Hello, warning
2026-01-14 00:42:32.913 | DEBUG    | __main__:__init__:10 - Hello, debug
2026-01-14 00:42:32.913 | ERROR    | __main__:__init__:11 - Hello, error
2026-01-14 00:42:32.913 | CRITICAL | __main__:__init__:12 - Hello, critical
2026-01-14 00:42:46.383 | INFO     | __main__:__init__:7 - Hello, info!
2026-01-14 00:42:46.384 | SUCCESS  | __main__:__init__:8 - Hello, success
2026-01-14 00:42:46.384 | WARNING  | __main__:__init__:9 - Hello, warning
2026-01-14 00:42:46.384 | DEBUG    | __main__:__init__:10 - Hello, debug
2026-01-14 00:42:46.384 | ERROR    | __main__:__init__:11 - Hello, error
2026-01-14 00:42:46.384 | CRITICAL | __main__:__init__:12 - Hello, critical
2026-01-14 00:44:41.323 | INFO     | __main__:__init__:7 - Hello, info!
2026-01-14 00:44:41.324 | SUCCESS  | __main__:__init__:8 - Hello, success
2026-01-14 00:44:41.324 | WARNING  | __main__:__init__:9 - Hello, warning
2026-01-14 00:44:41.324 | ERROR    | __main__:__init__:11 - Hello, error
2026-01-14 00:44:41.324 | CRITICAL | __main__:__init__:12 - Hello, critical
2026-01-14 00:45:07.197 | INFO     | __main__:__init__:8 - Hello, info!
2026-01-14 00:45:07.197 | SUCCESS  | __main__:__init__:9 - Hello, success
2026-01-14 00:45:07.197 | WARNING  | __main__:__init__:10 - Hello, warning
2026-01-14 00:45:07.198 | ERROR    | __main__:__init__:12 - Hello, error
2026-01-14 00:45:07.198 | CRITICAL | __main__:__init__:13 - Hello, critical
2026-01-14 00:48:08.407 | INFO     | __main__:__init__:8 - Hello, info!
2026-01-14 00:48:08.407 | TRACE    | __main__:__init__:9 - Hello, trace!
2026-01-14 00:48:08.408 | SUCCESS  | __main__:__init__:10 - Hello, success
2026-01-14 00:48:08.408 | WARNING  | __main__:__init__:11 - Hello, warning
2026-01-14 00:48:08.408 | DEBUG    | __main__:__init__:12 - Hello, debug
2026-01-14 00:48:08.408 | ERROR    | __main__:__init__:13 - Hello, error
2026-01-14 00:48:08.408 | CRITICAL | __main__:__init__:14 - Hello, critical
2026-01-14 00:48:38.923 | ERROR    | __main__:__init__:13 - Hello, error
2026-01-14 00:48:38.923 | CRITICAL | __main__:__init__:14 - Hello, critical
